-------------------------------------------------------------------------------
Test set: com.example.demo.TestExampleApplicationTests
-------------------------------------------------------------------------------
Tests run: 1, Failures: 0, Errors: 1, Skipped: 0, Time elapsed: 0.866 s <<< FAILURE! - in com.example.demo.TestExampleApplicationTests
contextLoads  Time elapsed: 0.002 s  <<< ERROR!
java.lang.IllegalStateException: Failed to load ApplicationContext
Caused by: org.springframework.beans.factory.BeanCreationException: 
Error creating bean with name 'dataSourceScriptDatabaseInitializer' defined in class path resource [org/springframework/boot/autoconfigure/sql/init/DataSourceInitializationConfiguration.class]: Invocation of init method failed; nested exception is org.springframework.jdbc.datasource.init.ScriptStatementFailedException: Failed to execute SQL script statement #1 of URL [file:/home/ahmed/git/TestProjectExample/TestExample/target/classes/schema.sql]: create sequence employe_seq NO MAXVALUE start 1 increment 1; nested exception is org.h2.jdbc.JdbcSQLSyntaxErrorException: Sequence "EMPLOYE_SEQ" already exists; SQL statement:
create sequence employe_seq NO MAXVALUE start 1 increment 1 [90035-200]
Caused by: org.springframework.jdbc.datasource.init.ScriptStatementFailedException: 
Failed to execute SQL script statement #1 of URL [file:/home/ahmed/git/TestProjectExample/TestExample/target/classes/schema.sql]: create sequence employe_seq NO MAXVALUE start 1 increment 1; nested exception is org.h2.jdbc.JdbcSQLSyntaxErrorException: Sequence "EMPLOYE_SEQ" already exists; SQL statement:
create sequence employe_seq NO MAXVALUE start 1 increment 1 [90035-200]
Caused by: org.h2.jdbc.JdbcSQLSyntaxErrorException: 
Sequence "EMPLOYE_SEQ" already exists; SQL statement:
create sequence employe_seq NO MAXVALUE start 1 increment 1 [90035-200]

